app/manifest-merger-release-report.txt
-- Merging decision tree log ---
manifest
ADDED from AndroidManifest.xml:2:1
	package
		ADDED from AndroidManifest.xml:3:5
		INJECTED from AndroidManifest.xml:0:0
		INJECTED from AndroidManifest.xml:0:0
	android:versionName
		INJECTED from AndroidManifest.xml:0:0
		INJECTED from AndroidManifest.xml:0:0
	xmlns:android
		ADDED from AndroidManifest.xml:2:11
	android:versionCode
		INJECTED from AndroidManifest.xml:0:0
		INJECTED from AndroidManifest.xml:0:0
uses-permission#android.permission.GET_ACCOUNTS
ADDED from AndroidManifest.xml:6:5
	android:name
		ADDED from AndroidManifest.xml:6:22
uses-permission#android.permission.READ_PROFILE
ADDED from AndroidManifest.xml:7:5
	android:name
		ADDED from AndroidManifest.xml:7:22
uses-permission#android.permission.READ_CONTACTS
ADDED from AndroidManifest.xml:8:5
	android:name
		ADDED from AndroidManifest.xml:8:22
uses-permission#android.permission.CAMERA
ADDED from AndroidManifest.xml:11:5
	android:name
		ADDED from AndroidManifest.xml:11:22
uses-feature#android.hardware.camera
ADDED from AndroidManifest.xml:13:5
	android:name
		ADDED from AndroidManifest.xml:13:19
uses-feature#android.hardware.camera.autofocus
ADDED from AndroidManifest.xml:14:5
	android:name
		ADDED from AndroidManifest.xml:14:19
uses-permission#android.permission.WRITE_EXTERNAL_STORAGE
ADDED from AndroidManifest.xml:16:5
MERGED from PublicBuddy-AndroidApp:mp3VoiceRecorderSample:unspecified:12:5
	android:name
		ADDED from AndroidManifest.xml:16:22
uses-permission#android.permission.READ_EXTERNAL_STORAGE
ADDED from AndroidManifest.xml:17:5
	android:name
		ADDED from AndroidManifest.xml:17:22
uses-permission#android.permission.ACCESS_COARSE_LOCATION
ADDED from AndroidManifest.xml:18:5
	android:name
		ADDED from AndroidManifest.xml:18:22
uses-permission#android.permission.ACCESS_FINE_LOCATION
ADDED from AndroidManifest.xml:19:5
	android:name
		ADDED from AndroidManifest.xml:19:22
uses-permission#android.permission.ACCESS_NETWORK_STATE
ADDED from AndroidManifest.xml:20:5
	android:name
		ADDED from AndroidManifest.xml:20:22
uses-permission#android.permission.INTERNET
ADDED from AndroidManifest.xml:21:5
MERGED from com.crashlytics.sdk.android:crashlytics:2.3.2:9:5
MERGED from com.crashlytics.sdk.android:crashlytics-core:2.3.2:9:5
	android:name
		ADDED from AndroidManifest.xml:21:22
uses-permission#com.google.android.providers.gsf.permission.READ_GSERVICES
ADDED from AndroidManifest.xml:22:5
	android:name
		ADDED from AndroidManifest.xml:22:22
uses-permission#android.permission.RECORD_AUDIO
ADDED from AndroidManifest.xml:23:5
MERGED from PublicBuddy-AndroidApp:mp3VoiceRecorderSample:unspecified:11:5
	android:name
		ADDED from AndroidManifest.xml:23:22
uses-feature#0x00020000
ADDED from AndroidManifest.xml:25:5
	android:glEsVersion
		ADDED from AndroidManifest.xml:26:9
	android:required
		ADDED from AndroidManifest.xml:27:9
application
ADDED from AndroidManifest.xml:29:5
MERGED from com.android.support:appcompat-v7:21.0.3:16:5
MERGED from com.android.support:support-v4:21.0.3:16:5
MERGED from com.android.support:support-v13:21.0.3:16:5
MERGED from com.android.support:support-v4:21.0.3:16:5
MERGED from com.google.android.gms:play-services:6.5.87:20:5
MERGED from com.android.support:support-v4:21.0.3:16:5
MERGED from com.android.support:cardview-v7:21.0.3:16:5
MERGED from com.android.support:recyclerview-v7:21.0.3:17:5
MERGED from com.android.support:support-v4:21.0.3:16:5
MERGED from com.github.johnkil.android-robototextview:robototextview:2.3.0:12:5
MERGED from com.android.support:appcompat-v7:21.0.3:16:5
MERGED from com.android.support:support-v4:21.0.3:16:5
MERGED from PublicBuddy-AndroidApp:mp3VoiceRecorderSample:unspecified:14:5
MERGED from com.crashlytics.sdk.android:crashlytics:2.3.2:11:5
MERGED from com.crashlytics.sdk.android:answers:1.2.2:9:5
MERGED from io.fabric.sdk.android:fabric:1.3.3:25:5
MERGED from io.fabric.sdk.android:fabric:1.3.3:25:5
MERGED from com.crashlytics.sdk.android:crashlytics-core:2.3.2:11:5
MERGED from com.crashlytics.sdk.android:answers:1.2.2:9:5
MERGED from io.fabric.sdk.android:fabric:1.3.3:25:5
MERGED from io.fabric.sdk.android:fabric:1.3.3:25:5
MERGED from com.crashlytics.sdk.android:beta:1.1.2:9:5
MERGED from it.sephiroth.android.library.imagezoom:imagezoom:2.2.2:11:5
	android:label
		ADDED from AndroidManifest.xml:33:9
	android:allowBackup
		ADDED from AndroidManifest.xml:31:9
	android:icon
		ADDED from AndroidManifest.xml:32:9
	android:theme
		ADDED from AndroidManifest.xml:35:9
	android:logo
		ADDED from AndroidManifest.xml:34:9
	android:name
		ADDED from AndroidManifest.xml:30:9
activity#com.superiorinfotech.publicbuddy.MainActivity
ADDED from AndroidManifest.xml:36:9
	android:screenOrientation
		ADDED from AndroidManifest.xml:39:13
	android:label
		ADDED from AndroidManifest.xml:38:13
	android:name
		ADDED from AndroidManifest.xml:37:13
activity#com.superiorinfotech.publicbuddy.LoginActivity
ADDED from AndroidManifest.xml:41:9
	android:screenOrientation
		ADDED from AndroidManifest.xml:44:13
	android:label
		ADDED from AndroidManifest.xml:43:13
	android:windowSoftInputMode
		ADDED from AndroidManifest.xml:46:13
	android:theme
		ADDED from AndroidManifest.xml:45:13
	android:name
		ADDED from AndroidManifest.xml:42:13
intent-filter#android.intent.action.MAIN+android.intent.category.LAUNCHER
ADDED from AndroidManifest.xml:50:13
action#android.intent.action.MAIN
ADDED from AndroidManifest.xml:51:17
	android:name
		ADDED from AndroidManifest.xml:51:25
category#android.intent.category.LAUNCHER
ADDED from AndroidManifest.xml:53:17
	android:name
		ADDED from AndroidManifest.xml:53:27
activity#com.superiorinfotech.publicbuddy.RegisterActivity
ADDED from AndroidManifest.xml:56:9
	android:screenOrientation
		ADDED from AndroidManifest.xml:59:13
	android:label
		ADDED from AndroidManifest.xml:58:13
	android:theme
		ADDED from AndroidManifest.xml:60:13
	android:name
		ADDED from AndroidManifest.xml:57:13
activity#com.superiorinfotech.publicbuddy.RestorePassword
ADDED from AndroidManifest.xml:62:9
	android:screenOrientation
		ADDED from AndroidManifest.xml:65:13
	android:label
		ADDED from AndroidManifest.xml:64:13
	android:theme
		ADDED from AndroidManifest.xml:66:13
	android:name
		ADDED from AndroidManifest.xml:63:13
meta-data#com.google.android.gms.version
ADDED from AndroidManifest.xml:73:9
MERGED from com.google.android.gms:play-services:6.5.87:21:9
	android:value
		ADDED from AndroidManifest.xml:75:13
	android:name
		ADDED from AndroidManifest.xml:74:13
meta-data#com.google.android.maps.v2.API_KEY
ADDED from AndroidManifest.xml:79:9
	android:value
		ADDED from AndroidManifest.xml:81:13
	android:name
		ADDED from AndroidManifest.xml:80:13
activity#com.superiorinfotech.publicbuddy.CreateIncident
ADDED from AndroidManifest.xml:83:9
	android:screenOrientation
		ADDED from AndroidManifest.xml:88:13
	android:label
		ADDED from AndroidManifest.xml:86:13
	android:parentActivityName
		ADDED from AndroidManifest.xml:87:13
	android:configChanges
		ADDED from AndroidManifest.xml:85:13
	android:name
		ADDED from AndroidManifest.xml:84:13
meta-data#android.support.PARENT_ACTIVITY
ADDED from AndroidManifest.xml:90:13
	android:value
		ADDED from AndroidManifest.xml:92:17
	android:name
		ADDED from AndroidManifest.xml:91:17
activity#com.superiorinfotech.publicbuddy.IncidentCardDetailActivity
ADDED from AndroidManifest.xml:99:9
	android:screenOrientation
		ADDED from AndroidManifest.xml:102:13
	android:label
		ADDED from AndroidManifest.xml:101:13
	android:name
		ADDED from AndroidManifest.xml:100:13
meta-data#io.fabric.ApiKey
ADDED from AndroidManifest.xml:105:9
	android:value
		ADDED from AndroidManifest.xml:107:13
	android:name
		ADDED from AndroidManifest.xml:106:13
activity#com.superiorinfotech.publicbuddy.FullScreenImageActivity
ADDED from AndroidManifest.xml:109:9
	android:label
		ADDED from AndroidManifest.xml:111:13
	android:theme
		ADDED from AndroidManifest.xml:112:13
	android:name
		ADDED from AndroidManifest.xml:110:13
activity#com.superiorinfotech.publicbuddy.VideoViewActivity
ADDED from AndroidManifest.xml:114:9
	android:label
		ADDED from AndroidManifest.xml:116:13
	android:theme
		ADDED from AndroidManifest.xml:117:13
	android:name
		ADDED from AndroidManifest.xml:115:13
uses-sdk
INJECTED from AndroidManifest.xml:0:0 reason: use-sdk injection requested
MERGED from com.android.support:appcompat-v7:21.0.3:15:5
MERGED from com.android.support:support-v4:21.0.3:15:5
MERGED from com.android.support:support-v13:21.0.3:15:5
MERGED from com.android.support:support-v4:21.0.3:15:5
MERGED from com.google.android.gms:play-services:6.5.87:18:5
MERGED from com.android.support:support-v4:21.0.3:15:5
MERGED from com.android.support:cardview-v7:21.0.3:15:5
MERGED from com.android.support:recyclerview-v7:21.0.3:15:5
MERGED from com.android.support:support-v4:21.0.3:15:5
MERGED from de.keyboardsurfer.android.widget:crouton:1.8.5:22:5
MERGED from com.github.johnkil.android-robototextview:robototextview:2.3.0:8:5
MERGED from com.android.support:appcompat-v7:21.0.3:15:5
MERGED from com.android.support:support-v4:21.0.3:15:5
MERGED from PublicBuddy-AndroidApp:mp3VoiceRecorderSample:unspecified:7:5
MERGED from com.crashlytics.sdk.android:crashlytics:2.3.2:7:5
MERGED from com.crashlytics.sdk.android:answers:1.2.2:7:5
MERGED from io.fabric.sdk.android:fabric:1.3.3:23:5
MERGED from io.fabric.sdk.android:fabric:1.3.3:23:5
MERGED from com.crashlytics.sdk.android:crashlytics-core:2.3.2:7:5
MERGED from com.crashlytics.sdk.android:answers:1.2.2:7:5
MERGED from io.fabric.sdk.android:fabric:1.3.3:23:5
MERGED from io.fabric.sdk.android:fabric:1.3.3:23:5
MERGED from com.crashlytics.sdk.android:beta:1.1.2:7:5
MERGED from it.sephiroth.android.library.imagezoom:imagezoom:2.2.2:7:5
	android:targetSdkVersion
		INJECTED from AndroidManifest.xml:0:0
		INJECTED from AndroidManifest.xml:0:0
	android:minSdkVersion
		INJECTED from AndroidManifest.xml:0:0
		INJECTED from AndroidManifest.xml:0:0
activity#android.support.v7.widget.TestActivity
ADDED from com.android.support:recyclerview-v7:21.0.3:18:9
	android:label
		ADDED from com.android.support:recyclerview-v7:21.0.3:18:19
	android:name
		ADDED from com.android.support:recyclerview-v7:21.0.3:18:60
activity#com.uraroji.garage.android.mp3recvoice.MainActivity
ADDED from PublicBuddy-AndroidApp:mp3VoiceRecorderSample:unspecified:17:9
	android:label
		ADDED from PublicBuddy-AndroidApp:mp3VoiceRecorderSample:unspecified:19:13
	android:name
		ADDED from PublicBuddy-AndroidApp:mp3VoiceRecorderSample:unspecified:18:13